In file included from [01m[K/home/marvin/cozmo_ros2_ws/src/vision_opencv/cv_bridge/src/module.cpp:36[m[K:
[01m[K/home/marvin/cozmo_ros2_ws/src/vision_opencv/cv_bridge/src/module.hpp:20:10:[m[K [01;31m[Kfatal error: [m[Knumpy/ndarrayobject.h: No such file or directory
   20 | #include [01;31m[K<numpy/ndarrayobject.h>[m[K
      |          [01;31m[K^~~~~~~~~~~~~~~~~~~~~~~[m[K
compilation terminated.
In file included from [01m[K/home/marvin/cozmo_ros2_ws/src/vision_opencv/cv_bridge/src/module_opencv4.cpp:3[m[K:
[01m[K/home/marvin/cozmo_ros2_ws/src/vision_opencv/cv_bridge/src/module.hpp:20:10:[m[K [01;31m[Kfatal error: [m[Knumpy/ndarrayobject.h: No such file or directory
   20 | #include [01;31m[K<numpy/ndarrayobject.h>[m[K
      |          [01;31m[K^~~~~~~~~~~~~~~~~~~~~~~[m[K
compilation terminated.
gmake[2]: *** [src/CMakeFiles/cv_bridge_boost.dir/build.make:76: src/CMakeFiles/cv_bridge_boost.dir/module.cpp.o] Error 1
gmake[2]: *** Waiting for unfinished jobs....
gmake[2]: *** [src/CMakeFiles/cv_bridge_boost.dir/build.make:90: src/CMakeFiles/cv_bridge_boost.dir/module_opencv4.cpp.o] Error 1
gmake[1]: *** [CMakeFiles/Makefile2:287: src/CMakeFiles/cv_bridge_boost.dir/all] Error 2
gmake[1]: *** Waiting for unfinished jobs....
gmake: *** [Makefile:146: all] Error 2
