[0.008s] Invoking command in '/home/marvin/cozmo_ros2_ws/build/cv_bridge': CMAKE_PREFIX_PATH=/opt/ros/iron /usr/bin/cmake --build /home/marvin/cozmo_ros2_ws/build/cv_bridge -- -j20 -l20
[0.041s] [ 25%] Built target gtest_main
[0.041s] [ 25%] Built target gtest
[0.041s] [ 25%] Built target ament_cmake_python_copy_cv_bridge
[0.045s] [ 43%] Built target cv_bridge
[0.063s] [ 81%] Built target cv_bridge-utest
[0.068s] [ 87%] [32mBuilding CXX object src/CMakeFiles/cv_bridge_boost.dir/module_opencv4.cpp.o[0m
[0.069s] [ 93%] [32mBuilding CXX object src/CMakeFiles/cv_bridge_boost.dir/module.cpp.o[0m
[0.075s] In file included from [01m[K/home/marvin/cozmo_ros2_ws/src/vision_opencv/cv_bridge/src/module_opencv4.cpp:3[m[K:
[0.075s] [01m[K/home/marvin/cozmo_ros2_ws/src/vision_opencv/cv_bridge/src/module.hpp:20:10:[m[K [01;31m[Kfatal error: [m[Knumpy/ndarrayobject.h: No such file or directory
[0.075s]    20 | #include [01;31m[K<numpy/ndarrayobject.h>[m[K
[0.075s]       |          [01;31m[K^~~~~~~~~~~~~~~~~~~~~~~[m[K
[0.075s] compilation terminated.
[0.076s] In file included from [01m[K/home/marvin/cozmo_ros2_ws/src/vision_opencv/cv_bridge/src/module.cpp:36[m[K:
[0.076s] [01m[K/home/marvin/cozmo_ros2_ws/src/vision_opencv/cv_bridge/src/module.hpp:20:10:[m[K [01;31m[Kfatal error: [m[Knumpy/ndarrayobject.h: No such file or directory
[0.076s]    20 | #include [01;31m[K<numpy/ndarrayobject.h>[m[K
[0.076s]       |          [01;31m[K^~~~~~~~~~~~~~~~~~~~~~~[m[K
[0.076s] compilation terminated.
[0.076s] gmake[2]: *** [src/CMakeFiles/cv_bridge_boost.dir/build.make:90: src/CMakeFiles/cv_bridge_boost.dir/module_opencv4.cpp.o] Error 1
[0.076s] gmake[2]: *** Waiting for unfinished jobs....
[0.076s] gmake[2]: *** [src/CMakeFiles/cv_bridge_boost.dir/build.make:76: src/CMakeFiles/cv_bridge_boost.dir/module.cpp.o] Error 1
[0.076s] gmake[1]: *** [CMakeFiles/Makefile2:287: src/CMakeFiles/cv_bridge_boost.dir/all] Error 2
[0.076s] gmake[1]: *** Waiting for unfinished jobs....
[0.174s] running egg_info
[0.174s] writing cv_bridge.egg-info/PKG-INFO
[0.174s] writing dependency_links to cv_bridge.egg-info/dependency_links.txt
[0.174s] writing top-level names to cv_bridge.egg-info/top_level.txt
[0.176s] reading manifest file 'cv_bridge.egg-info/SOURCES.txt'
[0.176s] writing manifest file 'cv_bridge.egg-info/SOURCES.txt'
[0.192s] [ 93%] Built target ament_cmake_python_build_cv_bridge_egg
[0.193s] gmake: *** [Makefile:146: all] Error 2
[0.194s] Invoked command in '/home/marvin/cozmo_ros2_ws/build/cv_bridge' returned '2': CMAKE_PREFIX_PATH=/opt/ros/iron /usr/bin/cmake --build /home/marvin/cozmo_ros2_ws/build/cv_bridge -- -j20 -l20
