[ 12%] Built target gtest
[ 31%] Built target cv_bridge
[ 43%] Built target gtest_main
[ 43%] Built target ament_cmake_python_copy_cv_bridge
[ 50%] [32mBuilding CXX object src/CMakeFiles/cv_bridge_boost.dir/module.cpp.o[0m
[ 56%] [32mBuilding CXX object src/CMakeFiles/cv_bridge_boost.dir/module_opencv4.cpp.o[0m
[ 93%] Built target cv_bridge-utest
In file included from [01m[K/home/marvin/cozmo_ros2_ws/src/vision_opencv/cv_bridge/src/module.cpp:36[m[K:
[01m[K/home/marvin/cozmo_ros2_ws/src/vision_opencv/cv_bridge/src/module.hpp:20:10:[m[K [01;31m[Kfatal error: [m[Knumpy/ndarrayobject.h: No such file or directory
   20 | #include [01;31m[K<numpy/ndarrayobject.h>[m[K
      |          [01;31m[K^~~~~~~~~~~~~~~~~~~~~~~[m[K
compilation terminated.
gmake[2]: *** [src/CMakeFiles/cv_bridge_boost.dir/build.make:76: src/CMakeFiles/cv_bridge_boost.dir/module.cpp.o] Error 1
gmake[2]: *** Waiting for unfinished jobs....
In file included from [01m[K/home/marvin/cozmo_ros2_ws/src/vision_opencv/cv_bridge/src/module_opencv4.cpp:3[m[K:
[01m[K/home/marvin/cozmo_ros2_ws/src/vision_opencv/cv_bridge/src/module.hpp:20:10:[m[K [01;31m[Kfatal error: [m[Knumpy/ndarrayobject.h: No such file or directory
   20 | #include [01;31m[K<numpy/ndarrayobject.h>[m[K
      |          [01;31m[K^~~~~~~~~~~~~~~~~~~~~~~[m[K
compilation terminated.
gmake[2]: *** [src/CMakeFiles/cv_bridge_boost.dir/build.make:90: src/CMakeFiles/cv_bridge_boost.dir/module_opencv4.cpp.o] Error 1
gmake[1]: *** [CMakeFiles/Makefile2:287: src/CMakeFiles/cv_bridge_boost.dir/all] Error 2
gmake[1]: *** Waiting for unfinished jobs....
running egg_info
writing cv_bridge.egg-info/PKG-INFO
writing dependency_links to cv_bridge.egg-info/dependency_links.txt
writing top-level names to cv_bridge.egg-info/top_level.txt
reading manifest file 'cv_bridge.egg-info/SOURCES.txt'
writing manifest file 'cv_bridge.egg-info/SOURCES.txt'
[ 93%] Built target ament_cmake_python_build_cv_bridge_egg
gmake: *** [Makefile:146: all] Error 2
