[0.011s] Invoking command in '/home/marvin/cozmo_ros2_ws/build/cv_bridge': CMAKE_PREFIX_PATH=/opt/ros/iron /usr/bin/cmake --build /home/marvin/cozmo_ros2_ws/build/cv_bridge -- -j20 -l20
[0.061s] [35m[1mConsolidate compiler generated dependencies of target gtest_main[0m
[0.061s] [35m[1mConsolidate compiler generated dependencies of target gtest[0m
[0.063s] [35m[1mConsolidate compiler generated dependencies of target cv_bridge[0m
[0.073s] [  0%] Built target ament_cmake_python_copy_cv_bridge
[0.074s] [ 12%] Built target gtest_main
[0.075s] [ 25%] Built target gtest
[0.077s] [ 31%] [32m[1mLinking CXX shared library libcv_bridge.so[0m
[0.198s] [ 43%] Built target cv_bridge
[0.206s] [35m[1mConsolidate compiler generated dependencies of target cv_bridge_boost[0m
[0.208s] [35m[1mConsolidate compiler generated dependencies of target cv_bridge-utest[0m
[0.211s] running egg_info
[0.211s] writing cv_bridge.egg-info/PKG-INFO
[0.212s] writing dependency_links to cv_bridge.egg-info/dependency_links.txt
[0.212s] writing top-level names to cv_bridge.egg-info/top_level.txt
[0.213s] reading manifest file 'cv_bridge.egg-info/SOURCES.txt'
[0.214s] writing manifest file 'cv_bridge.egg-info/SOURCES.txt'
[0.221s] [ 50%] [32m[1mLinking CXX executable cv_bridge-utest[0m
[0.234s] [ 50%] Built target ament_cmake_python_build_cv_bridge_egg
[0.236s] [ 56%] [32mBuilding CXX object src/CMakeFiles/cv_bridge_boost.dir/module.cpp.o[0m
[0.239s] [ 62%] [32mBuilding CXX object src/CMakeFiles/cv_bridge_boost.dir/module_opencv4.cpp.o[0m
[0.258s] In file included from [01m[K/home/marvin/cozmo_ros2_ws/src/vision_opencv/cv_bridge/src/module.cpp:36[m[K:
[0.258s] [01m[K/home/marvin/cozmo_ros2_ws/src/vision_opencv/cv_bridge/src/module.hpp:20:10:[m[K [01;31m[Kfatal error: [m[Knumpy/ndarrayobject.h: No such file or directory
[0.258s]    20 | #include [01;31m[K<numpy/ndarrayobject.h>[m[K
[0.258s]       |          [01;31m[K^~~~~~~~~~~~~~~~~~~~~~~[m[K
[0.258s] compilation terminated.
[0.258s] In file included from [01m[K/home/marvin/cozmo_ros2_ws/src/vision_opencv/cv_bridge/src/module_opencv4.cpp:3[m[K:
[0.258s] [01m[K/home/marvin/cozmo_ros2_ws/src/vision_opencv/cv_bridge/src/module.hpp:20:10:[m[K [01;31m[Kfatal error: [m[Knumpy/ndarrayobject.h: No such file or directory
[0.258s]    20 | #include [01;31m[K<numpy/ndarrayobject.h>[m[K
[0.258s]       |          [01;31m[K^~~~~~~~~~~~~~~~~~~~~~~[m[K
[0.258s] compilation terminated.
[0.259s] gmake[2]: *** [src/CMakeFiles/cv_bridge_boost.dir/build.make:76: src/CMakeFiles/cv_bridge_boost.dir/module.cpp.o] Error 1
[0.259s] gmake[2]: *** Waiting for unfinished jobs....
[0.259s] gmake[2]: *** [src/CMakeFiles/cv_bridge_boost.dir/build.make:90: src/CMakeFiles/cv_bridge_boost.dir/module_opencv4.cpp.o] Error 1
[0.259s] gmake[1]: *** [CMakeFiles/Makefile2:287: src/CMakeFiles/cv_bridge_boost.dir/all] Error 2
[0.259s] gmake[1]: *** Waiting for unfinished jobs....
[0.594s] [ 93%] Built target cv_bridge-utest
[0.594s] gmake: *** [Makefile:146: all] Error 2
[0.596s] Invoked command in '/home/marvin/cozmo_ros2_ws/build/cv_bridge' returned '2': CMAKE_PREFIX_PATH=/opt/ros/iron /usr/bin/cmake --build /home/marvin/cozmo_ros2_ws/build/cv_bridge -- -j20 -l20
